<?xml version="1.0" encoding="UTF-8"?>
<!-- Generated by org.testng.reporters.JUnitReportReporter -->
<testsuite hostname="QA-003" name="org.testing.testcases.TC2" tests="1" failures="0" timestamp="3 Sep 2019 06:25:12 GMT" time="47.222" errors="0">
  <testcase name="Login_Subscription" time="47.222" classname="org.testing.testcases.TC2"/>
</testsuite> <!-- org.testing.testcases.TC2 -->
