<?xml version="1.0" encoding="UTF-8"?>
<!-- Generated by org.testng.reporters.JUnitReportReporter -->
<testsuite hostname="QA-003" name="org.testing.testcases.TC1" tests="1" failures="0" timestamp="3 Sep 2019 09:32:46 GMT" time="80.569" errors="0">
  <testcase name="Login_TrendingClick" time="80.569" classname="org.testing.testcases.TC1"/>
</testsuite> <!-- org.testing.testcases.TC1 -->
