<?xml version="1.0" encoding="UTF-8"?>
<!-- Generated by org.testng.reporters.JUnitReportReporter -->
<testsuite hostname="QA-003" name="org.testing.testcases.TC3" tests="1" failures="0" timestamp="3 Sep 2019 07:45:56 GMT" time="90.344" errors="0">
  <testcase name="Login_VideoPlay" time="90.344" classname="org.testing.testcases.TC3"/>
</testsuite> <!-- org.testing.testcases.TC3 -->
