<?xml version="1.0" encoding="UTF-8"?>
<!-- Generated by org.testng.reporters.JUnitReportReporter -->
<testsuite hostname="QA-003" name="Base.TestCase1" tests="1" failures="0" timestamp="30 Aug 2019 14:07:04 GMT" time="46.480" errors="0">
  <testcase name="Login_TrendingClick" time="46.480" classname="Base.TestCase1"/>
</testsuite> <!-- Base.TestCase1 -->
